<?xml version="1.0" encoding="UTF-8"?>
<!-- Generated by org.testng.reporters.JUnitReportReporter -->
<testsuite hostname="HW0924" name="com.shoebuy.scripts.SearchShoeInCart" tests="1" failures="0" timestamp="28 Mar 2020 11:44:04 GMT" time="2.614" errors="0">
  <testcase name="VerifySearchInCart" time="2.614" classname="com.shoebuy.scripts.SearchShoeInCart"/>
</testsuite> <!-- com.shoebuy.scripts.SearchShoeInCart -->
