<?xml version="1.0" encoding="UTF-8"?>
<!-- Generated by org.testng.reporters.JUnitReportReporter -->
<testsuite hostname="HW0924" name="com.automation.scripts.SearchShoeInCart" tests="1" failures="0" timestamp="30 Mar 2020 01:44:57 GMT" time="2.519" errors="0">
  <testcase name="VerifySearchInCart" time="2.519" classname="com.automation.scripts.SearchShoeInCart"/>
</testsuite> <!-- com.automation.scripts.SearchShoeInCart -->
