<?xml version="1.0" encoding="UTF-8"?>
<!-- Generated by org.testng.reporters.JUnitReportReporter -->
<testsuite hostname="DESKTOP-B0F0DER" name="com.shoebuy.scripts.SearchTest" tests="1" failures="0" timestamp="24 Mar 2018 10:01:02 GMT" time="9.570" errors="0">
  <testcase name="verifySearchFun" time="9.570" classname="com.shoebuy.scripts.SearchTest"/>
</testsuite> <!-- com.shoebuy.scripts.SearchTest -->
