<?xml version="1.0" encoding="UTF-8"?>
<!-- Generated by org.testng.reporters.JUnitReportReporter -->
<testsuite hostname="HW0924" name="com.automation.scripts.Register" tests="1" failures="0" timestamp="30 Mar 2020 04:20:40 GMT" time="1.837" errors="0">
  <testcase name="registerNewUser" time="1.837" classname="com.automation.scripts.Register"/>
</testsuite> <!-- com.automation.scripts.Register -->
